# JRE version: Java(TM) SE Runtime Environment (8.0_92-b14) (build 1.8.0_92-b14)
# Java VM: Java HotSpot(TM) 64-Bit Server VM (25.92-b14 mixed mode windows-amd64 compressed oops)
Heap:
 PSYoungGen      total 38400K, used 30565K [0x00000000d5700000, 0x00000000d8180000, 0x0000000100000000)
  eden space 33280K, 91% used [0x00000000d5700000,0x00000000d74d94f8,0x00000000d7780000)
  from space 5120K, 0% used [0x00000000d7c80000,0x00000000d7c80000,0x00000000d8180000)
  to   space 5120K, 0% used [0x00000000d7780000,0x00000000d7780000,0x00000000d7c80000)
 ParOldGen       total 43520K, used 7289K [0x0000000080400000, 0x0000000082e80000, 0x00000000d5700000)
  object space 43520K, 16% used [0x0000000080400000,0x0000000080b1e678,0x0000000082e80000)
 Metaspace       used 21948K, capacity 23320K, committed 23424K, reserved 1069056K
  class space    used 3070K, capacity 3363K, committed 3456K, reserved 1048576K
GC Heap History (6 events):
Event: 0.792 GC heap before
{Heap before GC invocations=1 (full 0):
 PSYoungGen      total 38400K, used 33280K [0x00000000d5700000, 0x00000000d8180000, 0x0000000100000000)
  eden space 33280K, 100% used [0x00000000d5700000,0x00000000d7780000,0x00000000d7780000)
  from space 5120K, 0% used [0x00000000d7c80000,0x00000000d7c80000,0x00000000d8180000)
  to   space 5120K, 0% used [0x00000000d7780000,0x00000000d7780000,0x00000000d7c80000)
 ParOldGen       total 87552K, used 0K [0x0000000080400000, 0x0000000085980000, 0x00000000d5700000)
  object space 87552K, 0% used [0x0000000080400000,0x0000000080400000,0x0000000085980000)
 Metaspace       used 16043K, capacity 16696K, committed 16896K, reserved 1062912K
  class space    used 2255K, capacity 2443K, committed 2560K, reserved 1048576K
Event: 0.796 GC heap after
Heap after GC invocations=1 (full 0):
 PSYoungGen      total 38400K, used 5099K [0x00000000d5700000, 0x00000000d8180000, 0x0000000100000000)
  eden space 33280K, 0% used [0x00000000d5700000,0x00000000d5700000,0x00000000d7780000)
  from space 5120K, 99% used [0x00000000d7780000,0x00000000d7c7ac98,0x00000000d7c80000)
  to   space 5120K, 0% used [0x00000000d7c80000,0x00000000d7c80000,0x00000000d8180000)
 ParOldGen       total 87552K, used 133K [0x0000000080400000, 0x0000000085980000, 0x00000000d5700000)
  object space 87552K, 0% used [0x0000000080400000,0x0000000080421578,0x0000000085980000)
 Metaspace       used 16043K, capacity 16696K, committed 16896K, reserved 1062912K
  class space    used 2255K, capacity 2443K, committed 2560K, reserved 1048576K
}
Event: 9.981 GC heap before
{Heap before GC invocations=2 (full 0):
 PSYoungGen      total 38400K, used 31958K [0x00000000d5700000, 0x00000000d8180000, 0x0000000100000000)
  eden space 33280K, 80% used [0x00000000d5700000,0x00000000d713ae50,0x00000000d7780000)
  from space 5120K, 99% used [0x00000000d7780000,0x00000000d7c7ac98,0x00000000d7c80000)
  to   space 5120K, 0% used [0x00000000d7c80000,0x00000000d7c80000,0x00000000d8180000)
 ParOldGen       total 87552K, used 133K [0x0000000080400000, 0x0000000085980000, 0x00000000d5700000)
  object space 87552K, 0% used [0x0000000080400000,0x0000000080421578,0x0000000085980000)
 Metaspace       used 20077K, capacity 21234K, committed 21296K, reserved 1067008K
  class space    used 2901K, capacity 3144K, committed 3200K, reserved 1048576K
Event: 9.986 GC heap after
Heap after GC invocations=2 (full 0):
 PSYoungGen      total 38400K, used 5100K [0x00000000d5700000, 0x00000000d8180000, 0x0000000100000000)
  eden space 33280K, 0% used [0x00000000d5700000,0x00000000d5700000,0x00000000d7780000)
  from space 5120K, 99% used [0x00000000d7c80000,0x00000000d817b2f0,0x00000000d8180000)
  to   space 5120K, 0% used [0x00000000d7780000,0x00000000d7780000,0x00000000d7c80000)
 ParOldGen       total 87552K, used 2333K [0x0000000080400000, 0x0000000085980000, 0x00000000d5700000)
  object space 87552K, 2% used [0x0000000080400000,0x0000000080647768,0x0000000085980000)
 Metaspace       used 20077K, capacity 21234K, committed 21296K, reserved 1067008K
  class space    used 2901K, capacity 3144K, committed 3200K, reserved 1048576K
}
Event: 9.986 GC heap before
{Heap before GC invocations=3 (full 1):
 PSYoungGen      total 38400K, used 5100K [0x00000000d5700000, 0x00000000d8180000, 0x0000000100000000)
  eden space 33280K, 0% used [0x00000000d5700000,0x00000000d5700000,0x00000000d7780000)
  from space 5120K, 99% used [0x00000000d7c80000,0x00000000d817b2f0,0x00000000d8180000)
  to   space 5120K, 0% used [0x00000000d7780000,0x00000000d7780000,0x00000000d7c80000)
 ParOldGen       total 87552K, used 2333K [0x0000000080400000, 0x0000000085980000, 0x00000000d5700000)
  object space 87552K, 2% used [0x0000000080400000,0x0000000080647768,0x0000000085980000)
 Metaspace       used 20077K, capacity 21234K, committed 21296K, reserved 1067008K
  class space    used 2901K, capacity 3144K, committed 3200K, reserved 1048576K
Event: 10.029 GC heap after
Heap after GC invocations=3 (full 1):
 PSYoungGen      total 38400K, used 0K [0x00000000d5700000, 0x00000000d8180000, 0x0000000100000000)
  eden space 33280K, 0% used [0x00000000d5700000,0x00000000d5700000,0x00000000d7780000)
  from space 5120K, 0% used [0x00000000d7c80000,0x00000000d7c80000,0x00000000d8180000)
  to   space 5120K, 0% used [0x00000000d7780000,0x00000000d7780000,0x00000000d7c80000)
 ParOldGen       total 43520K, used 7289K [0x0000000080400000, 0x0000000082e80000, 0x00000000d5700000)
  object space 43520K, 16% used [0x0000000080400000,0x0000000080b1e678,0x0000000082e80000)
 Metaspace       used 20077K, capacity 21234K, committed 21296K, reserved 1067008K
  class space    used 2901K, capacity 3144K, committed 3200K, reserved 1048576K
}

